Arguments: 
  C:\Program Files\nodejs\node.exe C:\Users\17492\AppData\Roaming\npm\node_modules\yarn\bin\yarn.js add electron-builder --save-dev

PATH: 
  C:\Program Files (x86)\Common Files\Oracle\Java\javapath;C:\Program Files (x86)\Intel\Intel(R) Management Engine Components\iCLS\;C:\Program Files\Intel\Intel(R) Management Engine Components\iCLS\;C:\Windows\system32;C:\Windows;C:\Windows\System32\Wbem;C:\Windows\System32\WindowsPowerShell\v1.0\;C:\Program Files (x86)\Intel\Intel(R) Management Engine Components\DAL;C:\Program Files\Intel\Intel(R) Management Engine Components\DAL;C:\Program Files (x86)\Intel\Intel(R) Management Engine Components\IPT;C:\Program Files\Intel\Intel(R) Management Engine Components\IPT;C:\Program Files (x86)\NVIDIA Corporation\PhysX\Common;C:\WINDOWS\system32;C:\WINDOWS;C:\WINDOWS\System32\Wbem;C:\WINDOWS\System32\WindowsPowerShell\v1.0\;C:\WINDOWS\System32\OpenSSH\;C:\Program Files\NVIDIA Corporation\NVIDIA NvDLISR;E:\Git\Git\cmd;C:\Program Files\Java\jdk1.8.0_201\bin;C:\Program Files\Java\jre1.8.0_201\bin;E:\tomcat\bin;C:\Program Files\nodejs\;C:\Users\17492\AppData\Local\Programs\Python\Python37\Scripts\;C:\Users\17492\AppData\Local\Programs\Python\Python37\;C:\Users\17492\AppData\Local\Microsoft\WindowsApps;C:\Users\17492\AppData\Roaming\npm;;E:\Fiddler

Yarn version: 
  1.22.4

Node version: 
  10.16.1

Platform: 
  win32 x64

Trace: 
  Error: EISDIR: illegal operation on a directory, read

npm manifest: 
  {
    "name": "statistics",
    "version": "1.0.0",
    "description": "A program to statistics other program info",
    "main": "main.js",
    "scripts": {
      "start": "electron .",
      "pack": "electron-builder --dir",
      "dist": "electron-builder"
    },
    "build": {
      "appId": "myexe"
    },
    "keywords": [
      "Electron",
      "quick",
      "start",
      "tutorial",
      "demo"
    ],
    "author": "Syn.Y",
    "devDependencies": {
      "electron": "^8.1.1"
    }
  }

yarn manifest: 
  No manifest

Lockfile: 
  No lockfile
